{"/Users/zhaoyang/Documents/Project/Vue/vue-testing/src/components/Button/Button.vue": {"path":"/Users/zhaoyang/Documents/Project/Vue/vue-testing/src/components/Button/Button.vue","statementMap":{"0":{"start":{"line":15,"column":0},"end":{"line":15,"column":null}},"1":{"start":{"line":16,"column":0},"end":{"line":16,"column":null}}},"fnMap":{"0":{"name":"(anonymous_1)","decl":{"start":{"line":14,"column":0},"end":{"line":14,"column":null}},"loc":{"start":{"line":14,"column":0},"end":{"line":17,"column":null}}}},"branchMap":{},"s":{"0":1,"1":1},"f":{"0":1},"b":{}}
,"/Users/zhaoyang/Documents/Project/Vue/vue-testing/src/components/Select/Select.vue": {"path":"/Users/zhaoyang/Documents/Project/Vue/vue-testing/src/components/Select/Select.vue","statementMap":{"0":{"start":{"line":20,"column":0},"end":{"line":20,"column":null}}},"fnMap":{"0":{"name":"data","decl":{"start":{"line":19,"column":0},"end":{"line":19,"column":null}},"loc":{"start":{"line":19,"column":0},"end":{"line":23,"column":null}}}},"branchMap":{},"s":{"0":1},"f":{"0":1},"b":{}}
,"/Users/zhaoyang/Documents/Project/Vue/vue-testing/src/components/Vuex/Vuex.vue": {"path":"/Users/zhaoyang/Documents/Project/Vue/vue-testing/src/components/Vuex/Vuex.vue","statementMap":{"0":{"start":{"line":13,"column":0},"end":{"line":13,"column":null}}},"fnMap":{},"branchMap":{},"s":{"0":1},"f":{},"b":{}}
,"/Users/zhaoyang/Documents/Project/Vue/vue-testing/src/store/index.js": {"path":"/Users/zhaoyang/Documents/Project/Vue/vue-testing/src/store/index.js","statementMap":{"0":{"start":{"line":4,"column":0},"end":{"line":4,"column":13}},"1":{"start":{"line":6,"column":21},"end":{"line":22,"column":1}},"2":{"start":{"line":7,"column":16},"end":{"line":9,"column":3}},"3":{"start":{"line":11,"column":20},"end":{"line":11,"column":31}},"4":{"start":{"line":15,"column":6},"end":{"line":15,"column":25}},"5":{"start":{"line":19,"column":38},"end":{"line":19,"column":74}},"6":{"start":{"line":20,"column":38},"end":{"line":20,"column":74}}},"fnMap":{"0":{"name":"(anonymous_0)","decl":{"start":{"line":7,"column":9},"end":{"line":7,"column":10}},"loc":{"start":{"line":7,"column":16},"end":{"line":9,"column":3}},"line":7},"1":{"name":"(anonymous_1)","decl":{"start":{"line":11,"column":11},"end":{"line":11,"column":12}},"loc":{"start":{"line":11,"column":20},"end":{"line":11,"column":31}},"line":11},"2":{"name":"(anonymous_2)","decl":{"start":{"line":14,"column":15},"end":{"line":14,"column":16}},"loc":{"start":{"line":14,"column":33},"end":{"line":16,"column":5}},"line":14},"3":{"name":"(anonymous_3)","decl":{"start":{"line":19,"column":15},"end":{"line":19,"column":16}},"loc":{"start":{"line":19,"column":38},"end":{"line":19,"column":74}},"line":19},"4":{"name":"(anonymous_4)","decl":{"start":{"line":20,"column":15},"end":{"line":20,"column":16}},"loc":{"start":{"line":20,"column":38},"end":{"line":20,"column":74}},"line":20}},"branchMap":{},"s":{"0":1,"1":1,"2":0,"3":4,"4":2,"5":1,"6":1},"f":{"0":0,"1":4,"2":2,"3":1,"4":1},"b":{},"_coverageSchema":"1a1c01bbd47fc00a2c39e90264f33305004495a9","hash":"f95ecb5616f5b1dd13be458d727bc2a190da5e1a"}
}
